Build started 6/10/2016 18:47:23.
     1>Project "C:\Users\Nattanai\Documents\sky_segmentation\skysegment2\skysegment2\skysegment2.vcxproj" on node 2 (Build target(s)).
     1>ClCompile:
         C:\Program Files (x86)\Microsoft Visual Studio 11.0\VC\bin\x86_amd64\CL.exe /c /IC:\opencv3.1\build\include /Zi /nologo /W3 /WX- /O2 /Oi /GL /D WIN32 /D NDEBUG /D _CONSOLE /D _UNICODE /D UNICODE /Gm- /EHsc /MD /GS /Gy /fp:precise /Zc:wchar_t /Zc:forScope /Fo"x64\Release\\" /Fd"x64\Release\vc110.pdb" /Gd /TP /errorReport:prompt track2.cpp
         track2.cpp
     1>track2.cpp(97): warning C4244: 'argument' : conversion from 'double' to 'float', possible loss of data
     1>track2.cpp(99): warning C4267: 'initializing' : conversion from 'size_t' to 'int', possible loss of data
       Link:
         C:\Program Files (x86)\Microsoft Visual Studio 11.0\VC\bin\x86_amd64\link.exe /ERRORREPORT:PROMPT /OUT:"C:\Users\Nattanai\Documents\sky_segmentation\skysegment2\x64\Release\skysegment2.exe" /INCREMENTAL:NO /NOLOGO /LIBPATH:C:\opencv3.1\build\x64\vc12\lib opencv_world310.lib kernel32.lib user32.lib gdi32.lib winspool.lib comdlg32.lib advapi32.lib shell32.lib ole32.lib oleaut32.lib uuid.lib odbc32.lib odbccp32.lib /MANIFEST /MANIFESTUAC:"level='asInvoker' uiAccess='false'" /manifest:embed /DEBUG /PDB:"C:\Users\Nattanai\Documents\sky_segmentation\skysegment2\x64\Release\skysegment2.pdb" /SUBSYSTEM:CONSOLE /OPT:REF /OPT:ICF /LTCG /TLBID:1 /DYNAMICBASE /NXCOMPAT /IMPLIB:"C:\Users\Nattanai\Documents\sky_segmentation\skysegment2\x64\Release\skysegment2.lib" /MACHINE:X64 x64\Release\bouy.obj
         x64\Release\bouy_mix.obj
         x64\Release\camera_calibration.obj
         x64\Release\contour.obj
         x64\Release\contrast.obj
         x64\Release\equ.obj
         x64\Release\goodFeature.obj
         x64\Release\hsv_select.obj
         x64\Release\kMean.obj
         x64\Release\skysegment2.obj
         x64\Release\skysegment3.obj
         x64\Release\Source.obj
         x64\Release\Source1.obj
         x64\Release\test.obj
         x64\Release\test1.obj
         x64\Release\track.obj
         x64\Release\track2.obj
         x64\Release\vision.obj
         Generating code
         Finished generating code
         skysegment2.vcxproj -> C:\Users\Nattanai\Documents\sky_segmentation\skysegment2\x64\Release\skysegment2.exe
     1>Done Building Project "C:\Users\Nattanai\Documents\sky_segmentation\skysegment2\skysegment2\skysegment2.vcxproj" (Build target(s)).

Build succeeded.

Time Elapsed 00:00:02.19
